number of frames: 713
number of different fes: 1009
number of fes: 30,472
average number of fes: 42.74
max number of fes: 54
frame name with max fes: 穿越
    10,700,        638, 33.74, 0.06, 2.56
number of sentences: 10,700, average number of frames: 15.01

频率区间分布统计:
--------------------------------------------------
频率区间 101-∞: 15个框架
示例框架:
    量变: 415
    陈述: 347
    使发展: 253
    等同: 247
    属于某类: 232

频率区间 51-100: 32个框架
示例框架:
    行为开始: 97
    充当: 95
    成为: 93
    构建: 85
    获得: 79

频率区间 16-50: 126个框架
示例框架:
    起源: 50
    协助: 48
    力劝: 48
    非当面评价: 47
    提供: 47

频率区间 1-15: 465个框架
示例框架:
    使持续: 15
    客观需求: 15
    保留: 15
    发送: 15
    耗时: 15

频率区间 0-0: 75个框架
示例框架:
    盗窃: 0
    嫌疑: 0
    自首: 0
    减刑: 0
    完整性: 0

